
###!!! [Parent][MessageChannel] Error: (msgtype=0x380146,name=PContent::Msg_AsyncMessage) Channel error: cannot send/recv


###!!! [Parent][MessageChannel] Error: (msgtype=0x380146,name=PContent::Msg_AsyncMessage) Channel error: cannot send/recv


###!!! [Parent][MessageChannel] Error: (msgtype=0x380146,name=PContent::Msg_AsyncMessage) Channel error: cannot send/recv


###!!! [Parent][MessageChannel] Error: (msgtype=0x380146,name=PContent::Msg_AsyncMessage) Channel error: cannot send/recv


###!!! [Parent][MessageChannel] Error: (msgtype=0x86000A,name=PRemoteWorker::Msg_ExecOp) Channel error: cannot send/recv

error: could not open document

error: could not open document

error: could not open document

error: could not open document

error: could not open document

error: could not open document

error: could not open document

error: could not open document

Gdk-Message: 21:04:21.203: org.pwmt.zathura: Fatal IO error 11 (Resource temporarily unavailable) on X server :10.0.

error: could not open document

error: could not open document

error: could not open document

error: could not open document

error: could not open document

error: could not open document

error: could not open document

error: could not open document

error: could not open document

Gdk-Message: 16:40:56.354: org.pwmt.zathura: Fatal IO error 11 (Resource temporarily unavailable) on X server :10.0.

error: could not open document

error: could not open document

Gdk-Message: 19:23:32.545: org.pwmt.zathura: Fatal IO error 104 (Connection reset by peer) on X server :10.0.

